{"logLevel":"debug","message":"multithreading is set to false"}
{"logLevel":"debug","message":"Using reflection to scan dependencies for gauge implementations..."}
{"logLevel":"debug","message":"gauge-java took 640milliseconds to load and scan. This should be less than 'runner_connection_timeout' config value."}
{"logLevel":"debug","message":"run 'gauge config runner_connection_timeout' and verify that it is < 640"}
{"logLevel":"debug","message":"starting gRPC server..."}
{"logLevel":"debug","message":"started gRPC server on port 50287"}
{"logLevel":"info","message":"Listening on port:50287"}
{"logLevel":"debug","message":"Scanning packages for steps"}
{"logLevel":"debug","message":"Comparing 'Base.StepImplementation.gomlekSayfaKontrol' and 'Base.StepImplementation.gomlekSayfaKontrol'"}
{"logLevel":"debug","message":"Found Erkek Gömlek sayfası acildigi kontrol edilir. in current project scope."}
{"logLevel":"debug","message":"Comparing 'Base.StepImplementation.hoverErkek' and 'Base.StepImplementation.hoverErkek'"}
{"logLevel":"debug","message":"Found Menuden Erkek seceneginin uzerinde durulur. in current project scope."}
{"logLevel":"debug","message":"Comparing 'Base.StepImplementation.secilenSil' and 'Base.StepImplementation.secilenSil'"}
{"logLevel":"debug","message":"Found Secilen Sil in current project scope."}
{"logLevel":"debug","message":"Comparing 'Base.StepImplementation.anaSayfaKontrol' and 'Base.StepImplementation.anaSayfaKontrol'"}
{"logLevel":"debug","message":"Found Ana sayfanin acildigi kontrol edilir. in current project scope."}
{"logLevel":"debug","message":"Comparing 'Base.StepImplementation.siralaSec' and 'Base.StepImplementation.siralaSec'"}
{"logLevel":"debug","message":"Found Sırala Menusunden 'En yüksek fiyattan' secenegi secilir. in current project scope."}
{"logLevel":"debug","message":"Comparing 'Base.StepImplementation.siralaKontrol' and 'Base.StepImplementation.siralaKontrol'"}
{"logLevel":"debug","message":"Found Secimin 'En yüksek fiyattan' oldugu kontrol edilir. in current project scope."}
{"logLevel":"debug","message":"Comparing 'Base.StepImplementation.favoriListesi' and 'Base.StepImplementation.favoriListesi'"}
{"logLevel":"debug","message":"Found Favori listesi acılma in current project scope."}
{"logLevel":"debug","message":"Comparing 'Base.StepImplementation.tumunuSec' and 'Base.StepImplementation.tumunuSec'"}
{"logLevel":"debug","message":"Found Tümünü sec in current project scope."}
{"logLevel":"debug","message":"Comparing 'Base.StepImplementation.gomlekSec' and 'Base.StepImplementation.gomlekSec'"}
{"logLevel":"debug","message":"Found Acilan pencereden Gomlek secilir in current project scope."}
{"logLevel":"debug","message":"Comparing 'Base.StepImplementation.favoriEkle' and 'Base.StepImplementation.favoriEkle'"}
{"logLevel":"debug","message":"Found Favorilere ekle in current project scope."}
{"logLevel":"debug","message":"Scanning packages for hooks"}
{"logLevel":"debug","message":"Scanned steps (using static parsing + reflections): "}
{"logLevel":"debug","message":"\tErkek Gömlek sayfası acildigi kontrol edilir. : public void gomlekSayfaKontrol()"}
{"logLevel":"debug","message":"\tSecimin 'En yüksek fiyattan' oldugu kontrol edilir. : public void siralaKontrol()"}
{"logLevel":"debug","message":"\tAcilan pencereden Gomlek secilir : public void gomlekSec()"}
{"logLevel":"debug","message":"\tSırala Menusunden 'En yüksek fiyattan' secenegi secilir. : public void siralaSec()"}
{"logLevel":"debug","message":"\tSecilen Sil : public void secilenSil()"}
{"logLevel":"debug","message":"\tMenuden Erkek seceneginin uzerinde durulur. : public void hoverErkek() throws InterruptedException"}
{"logLevel":"debug","message":"\tFavorilere ekle : public void favoriEkle() throws InterruptedException"}
{"logLevel":"debug","message":"\tFavori listesi acılma : public void favoriListesi()"}
{"logLevel":"debug","message":"\tTümünü sec : public void tumunuSec()"}
{"logLevel":"debug","message":"\tAna sayfanin acildigi kontrol edilir. : public void anaSayfaKontrol()"}
Starting ChromeDriver 91.0.4472.101 (af52a90bf87030dd1523486a1cd3ae25c5d76c9b-refs/branch-heads/4472@{#1462}) on port 5749
Only local connections are allowed.
Please see https://chromedriver.chromium.org/security-considerations for suggestions on keeping ChromeDriver safe.
ChromeDriver was started successfully.
[1627118403.185][WARNING]: This version of ChromeDriver has not been tested with Chrome version 92.
Tem 24, 2021 12:20:03 PM org.openqa.selenium.remote.ProtocolHandshake createSession
INFO: Detected dialect: W3C
{"logLevel":"debug","message":"Executing 'Ana sayfanin acildigi kontrol edilir.' using 'class Base.StepImplementation.anaSayfaKontrol"}
{"logLevel":"debug","message":"Executing 'Menuden Erkek seceneginin uzerinde durulur.' using 'class Base.StepImplementation.hoverErkek"}
{"logLevel":"debug","message":"Executing 'Acilan pencereden Gomlek secilir' using 'class Base.StepImplementation.gomlekSec"}
{"logLevel":"debug","message":"Executing 'Erkek Gömlek sayfası acildigi kontrol edilir.' using 'class Base.StepImplementation.gomlekSayfaKontrol"}
{"logLevel":"debug","message":"Executing 'Sırala Menusunden 'En yüksek fiyattan' secenegi secilir.' using 'class Base.StepImplementation.siralaSec"}
{"logLevel":"debug","message":"Killing Java runner..."}
{"logLevel":"debug","message":"Stopping execution pool..."}
{"logLevel":"debug","message":"Shutting down grpc server..."}
{"logLevel":"debug","message":"Runner killed gracefully."}
